<?xml version="1.0" encoding="UTF-8"?>
<!-- Generated by org.testng.reporters.JUnitXMLReporter -->
<testsuite ignored="4" hostname="LAPTOP-DQ7KB8NS" failures="2" tests="2" name="Test(failed)" time="12.737" errors="0" timestamp="2024-02-06T12:35:07 IST">
  <testcase classname="com.Helthcare.testcase.VerifyLoginPage" name="AssertionClass" time="0.077">
    <failure type="org.openqa.selenium.InvalidSelectorException" message="invalid selector: The result of the xpath expression &amp;quot;//*[@id=&amp;quot;post-35&amp;quot;]/div/div/div/div[1]/div/div[1]/div[1]/div/h1/b/text()[1]&amp;quot; is: [object Text]. It should be an element.
  (Session info: chrome=121.0.6167.86)
For documentation on this error, please visit: https://www.selenium.dev/documentation/webdriver/troubleshooting/errors#invalid-selector-exception
Build info: version: &amp;apos;4.12.1&amp;apos;, revision: &amp;apos;8e34639b11&amp;apos;
System info: os.name: &amp;apos;Windows 11&amp;apos;, os.arch: &amp;apos;amd64&amp;apos;, os.version: &amp;apos;10.0&amp;apos;, java.version: &amp;apos;19.0.2&amp;apos;
Driver info: org.openqa.selenium.chrome.ChromeDriver
Command: [9c1f1067de06c2f92cdd34faf7a6f189, findElement {using=xpath, value=//*[@id=&amp;quot;post-35&amp;quot;]/div/div/div/div[1]/div/div[1]/div[1]/div/h1/b/text()[1]}]
Capabilities {acceptInsecureCerts: false, browserName: chrome, browserVersion: 121.0.6167.86, chrome: {chromedriverVersion: 121.0.6167.85 (3f98d690ad7e..., userDataDir: C:\Users\excel\AppData\Loca...}, fedcm:accounts: true, goog:chromeOptions: {debuggerAddress: localhost:50661}, networkConnectionEnabled: false, pageLoadStrategy: normal, platformName: windows, proxy: Proxy(), se:cdp: ws://localhost:50661/devtoo..., se:cdpVersion: 121.0.6167.86, setWindowRect: true, strictFileInteractability: false, timeouts: {implicit: 0, pageLoad: 300000, script: 30000}, unhandledPromptBehavior: dismiss and notify, webauthn:extension:credBlob: true, webauthn:extension:largeBlob: true, webauthn:extension:minPinLength: true, webauthn:extension:prf: true, webauthn:virtualAuthenticators: true}
Session ID: 9c1f1067de06c2f92cdd34faf7a6f189">
      <![CDATA[org.openqa.selenium.InvalidSelectorException: invalid selector: The result of the xpath expression "//*[@id="post-35"]/div/div/div/div[1]/div/div[1]/div[1]/div/h1/b/text()[1]" is: [object Text]. It should be an element.
  (Session info: chrome=121.0.6167.86)
For documentation on this error, please visit: https://www.selenium.dev/documentation/webdriver/troubleshooting/errors#invalid-selector-exception
Build info: version: '4.12.1', revision: '8e34639b11'
System info: os.name: 'Windows 11', os.arch: 'amd64', os.version: '10.0', java.version: '19.0.2'
Driver info: org.openqa.selenium.chrome.ChromeDriver
Command: [9c1f1067de06c2f92cdd34faf7a6f189, findElement {using=xpath, value=//*[@id="post-35"]/div/div/div/div[1]/div/div[1]/div[1]/div/h1/b/text()[1]}]
Capabilities {acceptInsecureCerts: false, browserName: chrome, browserVersion: 121.0.6167.86, chrome: {chromedriverVersion: 121.0.6167.85 (3f98d690ad7e..., userDataDir: C:\Users\excel\AppData\Loca...}, fedcm:accounts: true, goog:chromeOptions: {debuggerAddress: localhost:50661}, networkConnectionEnabled: false, pageLoadStrategy: normal, platformName: windows, proxy: Proxy(), se:cdp: ws://localhost:50661/devtoo..., se:cdpVersion: 121.0.6167.86, setWindowRect: true, strictFileInteractability: false, timeouts: {implicit: 0, pageLoad: 300000, script: 30000}, unhandledPromptBehavior: dismiss and notify, webauthn:extension:credBlob: true, webauthn:extension:largeBlob: true, webauthn:extension:minPinLength: true, webauthn:extension:prf: true, webauthn:virtualAuthenticators: true}
Session ID: 9c1f1067de06c2f92cdd34faf7a6f189
at org.openqa.selenium.remote.codec.w3c.W3CHttpResponseCodec.createException(W3CHttpResponseCodec.java:200)
at org.openqa.selenium.remote.codec.w3c.W3CHttpResponseCodec.decode(W3CHttpResponseCodec.java:133)
at org.openqa.selenium.remote.codec.w3c.W3CHttpResponseCodec.decode(W3CHttpResponseCodec.java:52)
at org.openqa.selenium.remote.HttpCommandExecutor.execute(HttpCommandExecutor.java:191)
at org.openqa.selenium.remote.service.DriverCommandExecutor.invokeExecute(DriverCommandExecutor.java:196)
at org.openqa.selenium.remote.service.DriverCommandExecutor.execute(DriverCommandExecutor.java:171)
at org.openqa.selenium.remote.RemoteWebDriver.execute(RemoteWebDriver.java:602)
at org.openqa.selenium.remote.ElementLocation$ElementFinder$2.findElement(ElementLocation.java:165)
at org.openqa.selenium.remote.ElementLocation.findElement(ElementLocation.java:59)
at org.openqa.selenium.remote.RemoteWebDriver.findElement(RemoteWebDriver.java:359)
at org.openqa.selenium.remote.RemoteWebDriver.findElement(RemoteWebDriver.java:353)
at org.openqa.selenium.support.pagefactory.DefaultElementLocator.findElement(DefaultElementLocator.java:68)
at org.openqa.selenium.support.pagefactory.internal.LocatingElementHandler.invoke(LocatingElementHandler.java:38)
at jdk.proxy2/jdk.proxy2.$Proxy16.isDisplayed(Unknown Source)
at com.Helthcare.Page.AssertPage.VerifyCompanyRequestpage(AssertPage.java:25)
at com.Helthcare.testcase.VerifyLoginPage.AssertionClass(VerifyLoginPage.java:16)
at java.base/java.util.ArrayList.forEach(ArrayList.java:1511)
... Removed 28 stack frames]]>
    </failure>
  </testcase> <!-- AssertionClass -->
  <testcase classname="com.Helthcare.testcase.HomePageKaintime" name="RequestDemo" time="0.0">
    <failure type="java.lang.RuntimeException" message="java.io.FileNotFoundException: C:\Users\excel\eclipse-workspace\KainTime_HelthCareDomin\src\test\resources\testdata\testdatd.xlsx.xlsx (The system cannot find the file specified)">
      <![CDATA[java.lang.RuntimeException: java.io.FileNotFoundException: C:\Users\excel\eclipse-workspace\KainTime_HelthCareDomin\src\test\resources\testdata\testdatd.xlsx.xlsx (The system cannot find the file specified)
at java.base/java.util.ArrayList.forEach(ArrayList.java:1511)
Caused by: java.io.FileNotFoundException: C:\Users\excel\eclipse-workspace\KainTime_HelthCareDomin\src\test\resources\testdata\testdatd.xlsx.xlsx (The system cannot find the file specified)
at java.base/java.io.FileInputStream.open0(Native Method)
at java.base/java.io.FileInputStream.open(FileInputStream.java:219)
at java.base/java.io.FileInputStream.<init>(FileInputStream.java:158)
at Utils.ReadExcelSheetData.getdata(ReadExcelSheetData.java:29)
... 25 more
... Removed 30 stack frames]]>
    </failure>
  </testcase> <!-- RequestDemo -->
  <testcase classname="com.Helthcare.testcase.HomePageKaintime" name="SumbitButton" time="0.0">
    <ignored/>
  </testcase> <!-- SumbitButton -->
  <testcase classname="com.Helthcare.base.Base" name="@BeforeTest setupBwoser" time="0.0">
    <ignored/>
  </testcase> <!-- @BeforeTest setupBwoser -->
  <testcase classname="com.Helthcare.base.Base" name="@AfterTest teardwon" time="0.0">
    <ignored/>
  </testcase> <!-- @AfterTest teardwon -->
  <testcase classname="com.Helthcare.testcase.HomePageKaintime" name="ClikingRequestDemo" time="0.0">
    <ignored/>
  </testcase> <!-- ClikingRequestDemo -->
</testsuite> <!-- Test(failed) -->
